Copyright 1986-2019 Xilinx, Inc. All Rights Reserved.
--------------------------------------------------------------------------------------------
| Tool Version : Vivado v.2019.1 (lin64) Build 2552052 Fri May 24 14:47:09 MDT 2019
| Date         : Sun Mar 21 00:09:51 2021
| Host         : friday running 64-bit Ubuntu 18.04.5 LTS
| Command      : report_clock_utilization -file system_wrapper_clock_utilization_routed.rpt
| Design       : system_wrapper
| Device       : 7z015-clg485
| Speed File   : -1  PRODUCTION 1.11 2014-09-11
| Design State : Routed
--------------------------------------------------------------------------------------------

Clock Utilization Report

Table of Contents
-----------------
1. Clock Primitive Utilization
2. Global Clock Resources
3. Global Clock Source Details
4. Clock Regions: Key Resource Utilization
5. Clock Regions : Global Clock Summary
6. Device Cell Placement Summary for Global Clock g0
7. Device Cell Placement Summary for Global Clock g1
8. Device Cell Placement Summary for Global Clock g2
9. Device Cell Placement Summary for Global Clock g3
10. Device Cell Placement Summary for Global Clock g4
11. Device Cell Placement Summary for Global Clock g5
12. Device Cell Placement Summary for Global Clock g6
13. Clock Region Cell Placement per Global Clock: Region X0Y0
14. Clock Region Cell Placement per Global Clock: Region X1Y0
15. Clock Region Cell Placement per Global Clock: Region X0Y1
16. Clock Region Cell Placement per Global Clock: Region X1Y1
17. Clock Region Cell Placement per Global Clock: Region X0Y2
18. Clock Region Cell Placement per Global Clock: Region X1Y2

1. Clock Primitive Utilization
------------------------------

+----------+------+-----------+-----+--------------+--------+
| Type     | Used | Available | LOC | Clock Region | Pblock |
+----------+------+-----------+-----+--------------+--------+
| BUFGCTRL |    7 |        32 |   0 |            0 |      0 |
| BUFH     |    0 |        72 |   0 |            0 |      0 |
| BUFIO    |    0 |        12 |   0 |            0 |      0 |
| BUFMR    |    0 |         6 |   0 |            0 |      0 |
| BUFR     |    0 |        12 |   0 |            0 |      0 |
| MMCM     |    2 |         3 |   0 |            0 |      0 |
| PLL      |    0 |         3 |   0 |            0 |      0 |
+----------+------+-----------+-----+--------------+--------+


2. Global Clock Resources
-------------------------

+-----------+-----------+-----------------+------------+----------------+--------------+-------------------+-------------+-----------------+--------------+-------------------------------+-----------------------------------------+-------------------------------------------------------------+
| Global Id | Source Id | Driver Type/Pin | Constraint | Site           | Clock Region | Load Clock Region | Clock Loads | Non-Clock Loads | Clock Period | Clock                         | Driver Pin                              | Net                                                         |
+-----------+-----------+-----------------+------------+----------------+--------------+-------------------+-------------+-----------------+--------------+-------------------------------+-----------------------------------------+-------------------------------------------------------------+
| g0        | src0      | BUFG/O          | None       | BUFGCTRL_X0Y19 | n/a          |                 6 |        8741 |               0 |       10.000 | clk_out2_system_axi_clkwiz_0  | system_i/axi_clkwiz/inst/clkout2_buf/O  | system_i/axi_clkwiz/inst/clk_out2                           |
| g1        | src0      | BUFG/O          | None       | BUFGCTRL_X0Y18 | n/a          |                 5 |        1799 |               0 |       20.000 | clk_out1_system_axi_clkwiz_0  | system_i/axi_clkwiz/inst/clkout1_buf/O  | system_i/axi_clkwiz/inst/clk_out1                           |
| g2        | src1      | BUFG/O          | None       | BUFGCTRL_X0Y22 | n/a          |                 5 |        1099 |               0 |       40.000 | clk_out1_system_core_clkwiz_0 | system_i/core_clkwiz/inst/clkout1_buf/O | system_i/core_clkwiz/inst/clk_out1                          |
| g3        | src2      | BUFG/O          | None       | BUFGCTRL_X0Y17 | n/a          |                 1 |           1 |               0 |       10.000 | clk_fpga_0                    | system_i/axi_clkwiz/inst/clkin1_bufg/O  | system_i/axi_clkwiz/inst/clk_in1_system_axi_clkwiz_0        |
| g4        | src2      | BUFG/O          | None       | BUFGCTRL_X0Y21 | n/a          |                 1 |           1 |               0 |       10.000 | clk_fpga_0                    | system_i/core_clkwiz/inst/clkin1_bufg/O | system_i/core_clkwiz/inst/clk_in1_system_core_clkwiz_0      |
| g5        | src0      | BUFG/O          | None       | BUFGCTRL_X0Y16 | n/a          |                 1 |           1 |               0 |       10.000 | clkfbout_system_axi_clkwiz_0  | system_i/axi_clkwiz/inst/clkf_buf/O     | system_i/axi_clkwiz/inst/clkfbout_buf_system_axi_clkwiz_0   |
| g6        | src1      | BUFG/O          | None       | BUFGCTRL_X0Y20 | n/a          |                 1 |           1 |               0 |       10.000 | clkfbout_system_core_clkwiz_0 | system_i/core_clkwiz/inst/clkf_buf/O    | system_i/core_clkwiz/inst/clkfbout_buf_system_core_clkwiz_0 |
+-----------+-----------+-----------------+------------+----------------+--------------+-------------------+-------------+-----------------+--------------+-------------------------------+-----------------------------------------+-------------------------------------------------------------+
* Clock Loads column represents the clock pin loads (pin count)
** Non-Clock Loads column represents the non-clock pin loads (pin count)


3. Global Clock Source Details
------------------------------

+-----------+-----------+---------------------+------------+-----------------+--------------+-------------+-----------------+---------------------+-------------------------------+--------------------------------------------------+---------------------------------------------------------+
| Source Id | Global Id | Driver Type/Pin     | Constraint | Site            | Clock Region | Clock Loads | Non-Clock Loads | Source Clock Period | Source Clock                  | Driver Pin                                       | Net                                                     |
+-----------+-----------+---------------------+------------+-----------------+--------------+-------------+-----------------+---------------------+-------------------------------+--------------------------------------------------+---------------------------------------------------------+
| src0      | g1        | MMCME2_ADV/CLKOUT0  | None       | MMCME2_ADV_X1Y2 | X1Y2         |           1 |               0 |              20.000 | clk_out1_system_axi_clkwiz_0  | system_i/axi_clkwiz/inst/mmcm_adv_inst/CLKOUT0   | system_i/axi_clkwiz/inst/clk_out1_system_axi_clkwiz_0   |
| src0      | g0        | MMCME2_ADV/CLKOUT1  | None       | MMCME2_ADV_X1Y2 | X1Y2         |           1 |               0 |              10.000 | clk_out2_system_axi_clkwiz_0  | system_i/axi_clkwiz/inst/mmcm_adv_inst/CLKOUT1   | system_i/axi_clkwiz/inst/clk_out2_system_axi_clkwiz_0   |
| src0      | g5        | MMCME2_ADV/CLKFBOUT | None       | MMCME2_ADV_X1Y2 | X1Y2         |           1 |               0 |              10.000 | clkfbout_system_axi_clkwiz_0  | system_i/axi_clkwiz/inst/mmcm_adv_inst/CLKFBOUT  | system_i/axi_clkwiz/inst/clkfbout_system_axi_clkwiz_0   |
| src1      | g2        | MMCME2_ADV/CLKOUT0  | None       | MMCME2_ADV_X1Y1 | X1Y1         |           1 |               0 |              40.000 | clk_out1_system_core_clkwiz_0 | system_i/core_clkwiz/inst/mmcm_adv_inst/CLKOUT0  | system_i/core_clkwiz/inst/clk_out1_system_core_clkwiz_0 |
| src1      | g6        | MMCME2_ADV/CLKFBOUT | None       | MMCME2_ADV_X1Y1 | X1Y1         |           1 |               0 |              10.000 | clkfbout_system_core_clkwiz_0 | system_i/core_clkwiz/inst/mmcm_adv_inst/CLKFBOUT | system_i/core_clkwiz/inst/clkfbout_system_core_clkwiz_0 |
| src2      | g3, g4    | PS7/FCLKCLK[0]      | PS7_X0Y0   | PS7_X0Y0        | X0Y2         |           2 |               0 |              10.000 | clk_fpga_0                    | system_i/sys_cpu/inst/PS7_i/FCLKCLK[0]           | system_i/sys_cpu/inst/FCLK_CLK_unbuffered[0]            |
+-----------+-----------+---------------------+------------+-----------------+--------------+-------------+-----------------+---------------------+-------------------------------+--------------------------------------------------+---------------------------------------------------------+
* Clock Loads column represents the clock pin loads (pin count)
** Non-Clock Loads column represents the non-clock pin loads (pin count)


4. Clock Regions: Key Resource Utilization
------------------------------------------

+-------------------+--------------+--------------+--------------+--------------+--------------+--------------+--------------+--------------+--------------+--------------+--------------+--------------+--------------+--------------+--------------+
|                   | Global Clock |     BUFRs    |    BUFMRs    |    BUFIOs    |     MMCM     |      PLL     |      GT      |      PCI     |    ILOGIC    |    OLOGIC    |      FF      |     LUTM     |    RAMB18    |    RAMB36    |    DSP48E2   |
+-------------------+------+-------+------+-------+------+-------+------+-------+------+-------+------+-------+------+-------+------+-------+------+-------+------+-------+------+-------+------+-------+------+-------+------+-------+------+-------+
| Clock Region Name | Used | Avail | Used | Avail | Used | Avail | Used | Avail | Used | Avail | Used | Avail | Used | Avail | Used | Avail | Used | Avail | Used | Avail | Used | Avail | Used | Avail | Used | Avail | Used | Avail | Used | Avail |
+-------------------+------+-------+------+-------+------+-------+------+-------+------+-------+------+-------+------+-------+------+-------+------+-------+------+-------+------+-------+------+-------+------+-------+------+-------+------+-------+
| X0Y0              |    1 |    12 |    0 |     4 |    0 |     2 |    0 |     4 |    0 |     1 |    0 |     1 |    0 |     0 |    0 |     0 |    0 |    50 |    0 |    50 | 3226 |  3000 |  903 |   900 |    0 |    40 |    4 |    20 |    0 |    40 |
| X1Y0              |    3 |    12 |    0 |     0 |    0 |     0 |    0 |     0 |    0 |     0 |    0 |     0 |    0 |     4 |    0 |     1 |    0 |     0 |    0 |     0 |  705 |  1750 |  245 |   600 |    0 |    30 |    2 |    15 |    0 |    40 |
| X0Y1              |    3 |    12 |    0 |     0 |    0 |     0 |    0 |     0 |    0 |     0 |    0 |     0 |    0 |     0 |    0 |     0 |    0 |     0 |    0 |     0 | 2913 |  1100 |  886 |   300 |    0 |     0 |    0 |     0 |    0 |     0 |
| X1Y1              |    5 |    12 |    0 |     4 |    0 |     2 |    0 |     4 |    1 |     1 |    0 |     1 |    0 |     0 |    0 |     0 |    0 |    50 |    0 |    50 | 3453 |  2300 | 1336 |   750 |    0 |    60 |    6 |    30 |    0 |    40 |
| X0Y2              |    3 |    12 |    0 |     0 |    0 |     0 |    0 |     0 |    0 |     0 |    0 |     0 |    0 |     0 |    0 |     0 |    0 |     0 |    0 |     0 |  714 |  1100 |  212 |   300 |    0 |     0 |    0 |     0 |    0 |     0 |
| X1Y2              |    5 |    12 |    0 |     4 |    0 |     2 |    0 |     4 |    1 |     1 |    0 |     1 |    0 |     0 |    0 |     0 |    0 |    50 |    0 |    50 |  224 |  2300 |   74 |   750 |    0 |    60 |    0 |    30 |    0 |    40 |
+-------------------+------+-------+------+-------+------+-------+------+-------+------+-------+------+-------+------+-------+------+-------+------+-------+------+-------+------+-------+------+-------+------+-------+------+-------+------+-------+
* Global Clock column represents track count; while other columns represents cell counts


5. Clock Regions : Global Clock Summary
---------------------------------------

All Modules
+----+----+----+
|    | X0 | X1 |
+----+----+----+
| Y2 |  3 |  5 |
| Y1 |  3 |  5 |
| Y0 |  1 |  3 |
+----+----+----+


6. Device Cell Placement Summary for Global Clock g0
----------------------------------------------------

+-----------+-----------------+-------------------+------------------------------+-------------+---------------+-------------+----------+----------------+----------+-----------------------------------+
| Global Id | Driver Type/Pin | Driver Region (D) | Clock                        | Period (ns) | Waveform (ns) | Slice Loads | IO Loads | Clocking Loads | GT Loads | Net                               |
+-----------+-----------------+-------------------+------------------------------+-------------+---------------+-------------+----------+----------------+----------+-----------------------------------+
| g0        | BUFG/O          | n/a               | clk_out2_system_axi_clkwiz_0 |      10.000 | {0.000 5.000} |        8721 |        0 |              0 |        0 | system_i/axi_clkwiz/inst/clk_out2 |
+-----------+-----------------+-------------------+------------------------------+-------------+---------------+-------------+----------+----------------+----------+-----------------------------------+
* Slice Loads column represents load cell count of all cell types other than IO, GT and clock resources
** IO Loads column represents load cell count of IO types
*** Clocking Loads column represents load cell count that are clock resources (global clock buffer, MMCM, PLL, etc)
**** GT Loads column represents load cell count of GT types


+----+-------+-------+
|    | X0    | X1    |
+----+-------+-------+
| Y2 |    63 |   113 |
| Y1 |  1824 |  3148 |
| Y0 |  3361 |   212 |
+----+-------+-------+


7. Device Cell Placement Summary for Global Clock g1
----------------------------------------------------

+-----------+-----------------+-------------------+------------------------------+-------------+----------------+-------------+----------+----------------+----------+-----------------------------------+
| Global Id | Driver Type/Pin | Driver Region (D) | Clock                        | Period (ns) | Waveform (ns)  | Slice Loads | IO Loads | Clocking Loads | GT Loads | Net                               |
+-----------+-----------------+-------------------+------------------------------+-------------+----------------+-------------+----------+----------------+----------+-----------------------------------+
| g1        | BUFG/O          | n/a               | clk_out1_system_axi_clkwiz_0 |      20.000 | {0.000 10.000} |        1799 |        0 |              0 |        0 | system_i/axi_clkwiz/inst/clk_out1 |
+-----------+-----------------+-------------------+------------------------------+-------------+----------------+-------------+----------+----------------+----------+-----------------------------------+
* Slice Loads column represents load cell count of all cell types other than IO, GT and clock resources
** IO Loads column represents load cell count of IO types
*** Clocking Loads column represents load cell count that are clock resources (global clock buffer, MMCM, PLL, etc)
**** GT Loads column represents load cell count of GT types


+----+-------+------+
|    | X0    | X1   |
+----+-------+------+
| Y2 |   583 |   78 |
| Y1 |  1020 |  114 |
| Y0 |     0 |    4 |
+----+-------+------+


8. Device Cell Placement Summary for Global Clock g2
----------------------------------------------------

+-----------+-----------------+-------------------+-------------------------------+-------------+----------------+-------------+----------+----------------+----------+------------------------------------+
| Global Id | Driver Type/Pin | Driver Region (D) | Clock                         | Period (ns) | Waveform (ns)  | Slice Loads | IO Loads | Clocking Loads | GT Loads | Net                                |
+-----------+-----------------+-------------------+-------------------------------+-------------+----------------+-------------+----------+----------------+----------+------------------------------------+
| g2        | BUFG/O          | n/a               | clk_out1_system_core_clkwiz_0 |      40.000 | {0.000 20.000} |        1086 |        0 |              0 |        0 | system_i/core_clkwiz/inst/clk_out1 |
+-----------+-----------------+-------------------+-------------------------------+-------------+----------------+-------------+----------+----------------+----------+------------------------------------+
* Slice Loads column represents load cell count of all cell types other than IO, GT and clock resources
** IO Loads column represents load cell count of IO types
*** Clocking Loads column represents load cell count that are clock resources (global clock buffer, MMCM, PLL, etc)
**** GT Loads column represents load cell count of GT types


+----+------+------+
|    | X0   | X1   |
+----+------+------+
| Y2 |   88 |   35 |
| Y1 |  135 |  335 |
| Y0 |    0 |  493 |
+----+------+------+


9. Device Cell Placement Summary for Global Clock g3
----------------------------------------------------

+-----------+-----------------+-------------------+------------+-------------+---------------+-------------+----------+----------------+----------+------------------------------------------------------+
| Global Id | Driver Type/Pin | Driver Region (D) | Clock      | Period (ns) | Waveform (ns) | Slice Loads | IO Loads | Clocking Loads | GT Loads | Net                                                  |
+-----------+-----------------+-------------------+------------+-------------+---------------+-------------+----------+----------------+----------+------------------------------------------------------+
| g3        | BUFG/O          | n/a               | clk_fpga_0 |      10.000 | {0.000 5.000} |           0 |        0 |              1 |        0 | system_i/axi_clkwiz/inst/clk_in1_system_axi_clkwiz_0 |
+-----------+-----------------+-------------------+------------+-------------+---------------+-------------+----------+----------------+----------+------------------------------------------------------+
* Slice Loads column represents load cell count of all cell types other than IO, GT and clock resources
** IO Loads column represents load cell count of IO types
*** Clocking Loads column represents load cell count that are clock resources (global clock buffer, MMCM, PLL, etc)
**** GT Loads column represents load cell count of GT types


+----+----+----+
|    | X0 | X1 |
+----+----+----+
| Y2 |  0 |  1 |
| Y1 |  0 |  0 |
| Y0 |  0 |  0 |
+----+----+----+


10. Device Cell Placement Summary for Global Clock g4
-----------------------------------------------------

+-----------+-----------------+-------------------+------------+-------------+---------------+-------------+----------+----------------+----------+--------------------------------------------------------+
| Global Id | Driver Type/Pin | Driver Region (D) | Clock      | Period (ns) | Waveform (ns) | Slice Loads | IO Loads | Clocking Loads | GT Loads | Net                                                    |
+-----------+-----------------+-------------------+------------+-------------+---------------+-------------+----------+----------------+----------+--------------------------------------------------------+
| g4        | BUFG/O          | n/a               | clk_fpga_0 |      10.000 | {0.000 5.000} |           0 |        0 |              1 |        0 | system_i/core_clkwiz/inst/clk_in1_system_core_clkwiz_0 |
+-----------+-----------------+-------------------+------------+-------------+---------------+-------------+----------+----------------+----------+--------------------------------------------------------+
* Slice Loads column represents load cell count of all cell types other than IO, GT and clock resources
** IO Loads column represents load cell count of IO types
*** Clocking Loads column represents load cell count that are clock resources (global clock buffer, MMCM, PLL, etc)
**** GT Loads column represents load cell count of GT types


+----+----+----+
|    | X0 | X1 |
+----+----+----+
| Y2 |  0 |  0 |
| Y1 |  0 |  1 |
| Y0 |  0 |  0 |
+----+----+----+


11. Device Cell Placement Summary for Global Clock g5
-----------------------------------------------------

+-----------+-----------------+-------------------+------------------------------+-------------+---------------+-------------+----------+----------------+----------+-----------------------------------------------------------+
| Global Id | Driver Type/Pin | Driver Region (D) | Clock                        | Period (ns) | Waveform (ns) | Slice Loads | IO Loads | Clocking Loads | GT Loads | Net                                                       |
+-----------+-----------------+-------------------+------------------------------+-------------+---------------+-------------+----------+----------------+----------+-----------------------------------------------------------+
| g5        | BUFG/O          | n/a               | clkfbout_system_axi_clkwiz_0 |      10.000 | {0.000 5.000} |           0 |        0 |              1 |        0 | system_i/axi_clkwiz/inst/clkfbout_buf_system_axi_clkwiz_0 |
+-----------+-----------------+-------------------+------------------------------+-------------+---------------+-------------+----------+----------------+----------+-----------------------------------------------------------+
* Slice Loads column represents load cell count of all cell types other than IO, GT and clock resources
** IO Loads column represents load cell count of IO types
*** Clocking Loads column represents load cell count that are clock resources (global clock buffer, MMCM, PLL, etc)
**** GT Loads column represents load cell count of GT types


+----+----+----+
|    | X0 | X1 |
+----+----+----+
| Y2 |  0 |  1 |
| Y1 |  0 |  0 |
| Y0 |  0 |  0 |
+----+----+----+


12. Device Cell Placement Summary for Global Clock g6
-----------------------------------------------------

+-----------+-----------------+-------------------+-------------------------------+-------------+---------------+-------------+----------+----------------+----------+-------------------------------------------------------------+
| Global Id | Driver Type/Pin | Driver Region (D) | Clock                         | Period (ns) | Waveform (ns) | Slice Loads | IO Loads | Clocking Loads | GT Loads | Net                                                         |
+-----------+-----------------+-------------------+-------------------------------+-------------+---------------+-------------+----------+----------------+----------+-------------------------------------------------------------+
| g6        | BUFG/O          | n/a               | clkfbout_system_core_clkwiz_0 |      10.000 | {0.000 5.000} |           0 |        0 |              1 |        0 | system_i/core_clkwiz/inst/clkfbout_buf_system_core_clkwiz_0 |
+-----------+-----------------+-------------------+-------------------------------+-------------+---------------+-------------+----------+----------------+----------+-------------------------------------------------------------+
* Slice Loads column represents load cell count of all cell types other than IO, GT and clock resources
** IO Loads column represents load cell count of IO types
*** Clocking Loads column represents load cell count that are clock resources (global clock buffer, MMCM, PLL, etc)
**** GT Loads column represents load cell count of GT types


+----+----+----+
|    | X0 | X1 |
+----+----+----+
| Y2 |  0 |  0 |
| Y1 |  0 |  1 |
| Y0 |  0 |  0 |
+----+----+----+


13. Clock Region Cell Placement per Global Clock: Region X0Y0
-------------------------------------------------------------

+-----------+-------+-----------------+------------+-------------+-----------------+------+--------+------+-----+----+------+-----+---------+-----------------------------------+
| Global Id | Track | Driver Type/Pin | Constraint | Clock Loads | Non-Clock Loads | FF   | LUTRAM | RAMB | DSP | GT | MMCM | PLL | Hard IP | Net                               |
+-----------+-------+-----------------+------------+-------------+-----------------+------+--------+------+-----+----+------+-----+---------+-----------------------------------+
| g0        | n/a   | BUFG/O          | None       |        3361 |               0 | 3226 |    130 |    4 |   0 |  0 |    0 |   0 |       0 | system_i/axi_clkwiz/inst/clk_out2 |
+-----------+-------+-----------------+------------+-------------+-----------------+------+--------+------+-----+----+------+-----+---------+-----------------------------------+
* Clock Loads column represents the clock pin loads (pin count)
** Non-Clock Loads column represents the non-clock pin loads (pin count)
*** Columns FF, LUTRAM, RAMB through 'Hard IP' represents load cell counts


14. Clock Region Cell Placement per Global Clock: Region X1Y0
-------------------------------------------------------------

+-----------+-------+-----------------+------------+-------------+-----------------+-----+--------+------+-----+----+------+-----+---------+------------------------------------+
| Global Id | Track | Driver Type/Pin | Constraint | Clock Loads | Non-Clock Loads | FF  | LUTRAM | RAMB | DSP | GT | MMCM | PLL | Hard IP | Net                                |
+-----------+-------+-----------------+------------+-------------+-----------------+-----+--------+------+-----+----+------+-----+---------+------------------------------------+
| g0        | n/a   | BUFG/O          | None       |         212 |               0 | 210 |      0 |    2 |   0 |  0 |    0 |   0 |       0 | system_i/axi_clkwiz/inst/clk_out2  |
| g1        | n/a   | BUFG/O          | None       |           4 |               0 |   4 |      0 |    0 |   0 |  0 |    0 |   0 |       0 | system_i/axi_clkwiz/inst/clk_out1  |
| g2        | n/a   | BUFG/O          | None       |         493 |               0 | 491 |      0 |    2 |   0 |  0 |    0 |   0 |       0 | system_i/core_clkwiz/inst/clk_out1 |
+-----------+-------+-----------------+------------+-------------+-----------------+-----+--------+------+-----+----+------+-----+---------+------------------------------------+
* Clock Loads column represents the clock pin loads (pin count)
** Non-Clock Loads column represents the non-clock pin loads (pin count)
*** Columns FF, LUTRAM, RAMB through 'Hard IP' represents load cell counts


15. Clock Region Cell Placement per Global Clock: Region X0Y1
-------------------------------------------------------------

+-----------+-------+-----------------+------------+-------------+-----------------+------+--------+------+-----+----+------+-----+---------+------------------------------------+
| Global Id | Track | Driver Type/Pin | Constraint | Clock Loads | Non-Clock Loads | FF   | LUTRAM | RAMB | DSP | GT | MMCM | PLL | Hard IP | Net                                |
+-----------+-------+-----------------+------------+-------------+-----------------+------+--------+------+-----+----+------+-----+---------+------------------------------------+
| g0        | n/a   | BUFG/O          | None       |        1824 |               0 | 1805 |     19 |    0 |   0 |  0 |    0 |   0 |       0 | system_i/axi_clkwiz/inst/clk_out2  |
| g1        | n/a   | BUFG/O          | None       |        1020 |               0 |  973 |     47 |    0 |   0 |  0 |    0 |   0 |       0 | system_i/axi_clkwiz/inst/clk_out1  |
| g2        | n/a   | BUFG/O          | None       |         135 |               0 |  135 |      0 |    0 |   0 |  0 |    0 |   0 |       0 | system_i/core_clkwiz/inst/clk_out1 |
+-----------+-------+-----------------+------------+-------------+-----------------+------+--------+------+-----+----+------+-----+---------+------------------------------------+
* Clock Loads column represents the clock pin loads (pin count)
** Non-Clock Loads column represents the non-clock pin loads (pin count)
*** Columns FF, LUTRAM, RAMB through 'Hard IP' represents load cell counts


16. Clock Region Cell Placement per Global Clock: Region X1Y1
-------------------------------------------------------------

+-----------+-------+-----------------+------------+-------------+-----------------+------+--------+------+-----+----+------+-----+---------+-------------------------------------------------------------+
| Global Id | Track | Driver Type/Pin | Constraint | Clock Loads | Non-Clock Loads | FF   | LUTRAM | RAMB | DSP | GT | MMCM | PLL | Hard IP | Net                                                         |
+-----------+-------+-----------------+------------+-------------+-----------------+------+--------+------+-----+----+------+-----+---------+-------------------------------------------------------------+
| g0        | n/a   | BUFG/O          | None       |        3148 |               0 | 3006 |    135 |    6 |   0 |  0 |    0 |   0 |       0 | system_i/axi_clkwiz/inst/clk_out2                           |
| g1        | n/a   | BUFG/O          | None       |         114 |               0 |  114 |      0 |    0 |   0 |  0 |    0 |   0 |       0 | system_i/axi_clkwiz/inst/clk_out1                           |
| g2        | n/a   | BUFG/O          | None       |         335 |               0 |  333 |      0 |    2 |   0 |  0 |    0 |   0 |       0 | system_i/core_clkwiz/inst/clk_out1                          |
| g4        | n/a   | BUFG/O          | None       |           1 |               0 |    0 |      0 |    0 |   0 |  0 |    1 |   0 |       0 | system_i/core_clkwiz/inst/clk_in1_system_core_clkwiz_0      |
| g6        | n/a   | BUFG/O          | None       |           1 |               0 |    0 |      0 |    0 |   0 |  0 |    1 |   0 |       0 | system_i/core_clkwiz/inst/clkfbout_buf_system_core_clkwiz_0 |
+-----------+-------+-----------------+------------+-------------+-----------------+------+--------+------+-----+----+------+-----+---------+-------------------------------------------------------------+
* Clock Loads column represents the clock pin loads (pin count)
** Non-Clock Loads column represents the non-clock pin loads (pin count)
*** Columns FF, LUTRAM, RAMB through 'Hard IP' represents load cell counts


17. Clock Region Cell Placement per Global Clock: Region X0Y2
-------------------------------------------------------------

+-----------+-------+-----------------+------------+-------------+-----------------+-----+--------+------+-----+----+------+-----+---------+------------------------------------+
| Global Id | Track | Driver Type/Pin | Constraint | Clock Loads | Non-Clock Loads | FF  | LUTRAM | RAMB | DSP | GT | MMCM | PLL | Hard IP | Net                                |
+-----------+-------+-----------------+------------+-------------+-----------------+-----+--------+------+-----+----+------+-----+---------+------------------------------------+
| g0        | n/a   | BUFG/O          | None       |          63 |               0 |  62 |      0 |    0 |   0 |  0 |    0 |   0 |       0 | system_i/axi_clkwiz/inst/clk_out2  |
| g1        | n/a   | BUFG/O          | None       |         583 |               0 | 564 |     18 |    0 |   0 |  0 |    0 |   0 |       0 | system_i/axi_clkwiz/inst/clk_out1  |
| g2        | n/a   | BUFG/O          | None       |          88 |               0 |  88 |      0 |    0 |   0 |  0 |    0 |   0 |       0 | system_i/core_clkwiz/inst/clk_out1 |
+-----------+-------+-----------------+------------+-------------+-----------------+-----+--------+------+-----+----+------+-----+---------+------------------------------------+
* Clock Loads column represents the clock pin loads (pin count)
** Non-Clock Loads column represents the non-clock pin loads (pin count)
*** Columns FF, LUTRAM, RAMB through 'Hard IP' represents load cell counts


18. Clock Region Cell Placement per Global Clock: Region X1Y2
-------------------------------------------------------------

+-----------+-------+-----------------+------------+-------------+-----------------+-----+--------+------+-----+----+------+-----+---------+-----------------------------------------------------------+
| Global Id | Track | Driver Type/Pin | Constraint | Clock Loads | Non-Clock Loads | FF  | LUTRAM | RAMB | DSP | GT | MMCM | PLL | Hard IP | Net                                                       |
+-----------+-------+-----------------+------------+-------------+-----------------+-----+--------+------+-----+----+------+-----+---------+-----------------------------------------------------------+
| g0        | n/a   | BUFG/O          | None       |         113 |               0 | 113 |      0 |    0 |   0 |  0 |    0 |   0 |       0 | system_i/axi_clkwiz/inst/clk_out2                         |
| g1        | n/a   | BUFG/O          | None       |          78 |               0 |  77 |      1 |    0 |   0 |  0 |    0 |   0 |       0 | system_i/axi_clkwiz/inst/clk_out1                         |
| g2        | n/a   | BUFG/O          | None       |          35 |               0 |  34 |      1 |    0 |   0 |  0 |    0 |   0 |       0 | system_i/core_clkwiz/inst/clk_out1                        |
| g3        | n/a   | BUFG/O          | None       |           1 |               0 |   0 |      0 |    0 |   0 |  0 |    1 |   0 |       0 | system_i/axi_clkwiz/inst/clk_in1_system_axi_clkwiz_0      |
| g5        | n/a   | BUFG/O          | None       |           1 |               0 |   0 |      0 |    0 |   0 |  0 |    1 |   0 |       0 | system_i/axi_clkwiz/inst/clkfbout_buf_system_axi_clkwiz_0 |
+-----------+-------+-----------------+------------+-------------+-----------------+-----+--------+------+-----+----+------+-----+---------+-----------------------------------------------------------+
* Clock Loads column represents the clock pin loads (pin count)
** Non-Clock Loads column represents the non-clock pin loads (pin count)
*** Columns FF, LUTRAM, RAMB through 'Hard IP' represents load cell counts



# Location of BUFG Primitives 
set_property LOC BUFGCTRL_X0Y20 [get_cells system_i/core_clkwiz/inst/clkf_buf]
set_property LOC BUFGCTRL_X0Y22 [get_cells system_i/core_clkwiz/inst/clkout1_buf]
set_property LOC BUFGCTRL_X0Y21 [get_cells system_i/core_clkwiz/inst/clkin1_bufg]
set_property LOC BUFGCTRL_X0Y16 [get_cells system_i/axi_clkwiz/inst/clkf_buf]
set_property LOC BUFGCTRL_X0Y19 [get_cells system_i/axi_clkwiz/inst/clkout2_buf]
set_property LOC BUFGCTRL_X0Y18 [get_cells system_i/axi_clkwiz/inst/clkout1_buf]
set_property LOC BUFGCTRL_X0Y17 [get_cells system_i/axi_clkwiz/inst/clkin1_bufg]

# Location of IO Primitives which is load of clock spine

# Location of clock ports

# Clock net "system_i/core_clkwiz/inst/clk_out1" driven by instance "system_i/core_clkwiz/inst/clkout1_buf" located at site "BUFGCTRL_X0Y22"
#startgroup
create_pblock {CLKAG_system_i/core_clkwiz/inst/clk_out1}
add_cells_to_pblock [get_pblocks  {CLKAG_system_i/core_clkwiz/inst/clk_out1}] [get_cells -filter { PRIMITIVE_GROUP != I/O && IS_PRIMITIVE==1 && PRIMITIVE_LEVEL !=INTERNAL } -of_object [get_pins -filter {DIRECTION==IN} -of_objects [get_nets -hierarchical -filter {PARENT=="system_i/core_clkwiz/inst/clk_out1"}]]]
resize_pblock [get_pblocks {CLKAG_system_i/core_clkwiz/inst/clk_out1}] -add {CLOCKREGION_X0Y1:CLOCKREGION_X0Y1 CLOCKREGION_X0Y2:CLOCKREGION_X0Y2 CLOCKREGION_X1Y0:CLOCKREGION_X1Y0 CLOCKREGION_X1Y1:CLOCKREGION_X1Y1 CLOCKREGION_X1Y2:CLOCKREGION_X1Y2}
#endgroup

# Clock net "system_i/axi_clkwiz/inst/clk_out2" driven by instance "system_i/axi_clkwiz/inst/clkout2_buf" located at site "BUFGCTRL_X0Y19"
#startgroup
create_pblock {CLKAG_system_i/axi_clkwiz/inst/clk_out2}
add_cells_to_pblock [get_pblocks  {CLKAG_system_i/axi_clkwiz/inst/clk_out2}] [get_cells -filter { PRIMITIVE_GROUP != I/O && IS_PRIMITIVE==1 && PRIMITIVE_LEVEL !=INTERNAL } -of_object [get_pins -filter {DIRECTION==IN} -of_objects [get_nets -hierarchical -filter {PARENT=="system_i/axi_clkwiz/inst/clk_out2"}]]]
resize_pblock [get_pblocks {CLKAG_system_i/axi_clkwiz/inst/clk_out2}] -add {CLOCKREGION_X0Y0:CLOCKREGION_X0Y0 CLOCKREGION_X0Y1:CLOCKREGION_X0Y1 CLOCKREGION_X0Y2:CLOCKREGION_X0Y2 CLOCKREGION_X1Y0:CLOCKREGION_X1Y0 CLOCKREGION_X1Y1:CLOCKREGION_X1Y1 CLOCKREGION_X1Y2:CLOCKREGION_X1Y2}
#endgroup

# Clock net "system_i/axi_clkwiz/inst/clk_out1" driven by instance "system_i/axi_clkwiz/inst/clkout1_buf" located at site "BUFGCTRL_X0Y18"
#startgroup
create_pblock {CLKAG_system_i/axi_clkwiz/inst/clk_out1}
add_cells_to_pblock [get_pblocks  {CLKAG_system_i/axi_clkwiz/inst/clk_out1}] [get_cells -filter { PRIMITIVE_GROUP != I/O && IS_PRIMITIVE==1 && PRIMITIVE_LEVEL !=INTERNAL } -of_object [get_pins -filter {DIRECTION==IN} -of_objects [get_nets -hierarchical -filter {PARENT=="system_i/axi_clkwiz/inst/clk_out1"}]]]
resize_pblock [get_pblocks {CLKAG_system_i/axi_clkwiz/inst/clk_out1}] -add {CLOCKREGION_X0Y1:CLOCKREGION_X0Y1 CLOCKREGION_X0Y2:CLOCKREGION_X0Y2 CLOCKREGION_X1Y0:CLOCKREGION_X1Y0 CLOCKREGION_X1Y1:CLOCKREGION_X1Y1 CLOCKREGION_X1Y2:CLOCKREGION_X1Y2}
#endgroup
